Mar 22 18:23 : exception: Failed to open '/home/unklebonehead/.config/mpd/mpdstate': No such file or directory
Mar 22 18:23 : config: option 'auto_format' on line 17 was not recognized
Mar 22 18:23 : config: option 'auto_resample' on line 18 was not recognized
Mar 22 18:23 : update: added Blue Oyster Cult/Blue Öyster Cult - Godzilla.mp3
Mar 22 18:23 : update: added Nita Strauss/Nita Strauss - Victorious (feat. Dorothy).mp3
Mar 22 18:23 : update: added Nita Strauss/Nita Strauss, In Flames, Anders Friden - The Golden Trail.mp3
Mar 22 18:23 : update: added Nita Strauss/Nita Strauss - Through The Noise (feat. Lzzy Hale).mp3
Mar 22 18:23 : update: added Nita Strauss/Nita Strauss - Digital Bullets (feat. Chris Motionless).mp3
Mar 22 18:23 : update: added Nita Strauss/Disturbed, Nita Strauss, David Draiman - Dead Inside.mp3
Mar 22 18:23 : update: added Nita Strauss/Nita Strauss - Winner Takes All (feat. Alice Cooper).mp3
Mar 22 18:23 : update: added Mama's Leftovers/Paint the Sky.ogg
Mar 22 18:23 : update: added Mama's Leftovers/Take It From Me (remastered) 2-19.ogg
Mar 22 18:23 : update: added Mama's Leftovers/Again and Again 4-18.ogg
Mar 22 18:23 : update: added Mama's Leftovers/Dew on the Roses 1-22.ogg
Mar 22 18:23 : update: added Mama's Leftovers/It_s Not Fair 12-21.ogg
Mar 22 18:23 : update: added Mama's Leftovers/Righting the Wrong 2-19.ogg
Mar 22 18:23 : update: added Mama's Leftovers/By Myself 7-19.ogg
Mar 22 18:23 : update: added Mama's Leftovers/Phase Me Out 9-24-21.ogg
Mar 22 18:23 : update: added Mama's Leftovers/In Ohio WAV 5-18-21.ogg
Mar 22 18:23 : update: added Mama's Leftovers/In Your Head 5-19.ogg
Mar 22 18:23 : update: added Mama's Leftovers/Forever 1-19.ogg
Mar 22 18:23 : update: added Mama's Leftovers/Voices 8-21-21.ogg
Mar 22 18:23 : update: added Jam Project/JAM Project - THE HERO !! 〜怒れる拳に火をつけろ〜.mp3
Mar 22 18:23 : update: added Judas Priest/Judas Priest - Painkiller.mp3
Mar 22 18:23 : update: added Judas Priest/Judas Priest - Lightning Strike.mp3
Mar 22 18:23 : update: added Judas Priest/Judas Priest - No Surrender.mp3
Mar 22 18:23 : update: added Judas Priest/Judas Priest - Diamonds and Rust.mp3
Mar 22 18:23 : update: added Judas Priest/Judas Priest - Freewheel Burning.mp3
Mar 22 18:23 : update: added Judas Priest/Judas Priest - Panic Attack.mp3
Mar 22 18:23 : update: added the GazzetE/the GazettE - UGLY.mp3
Mar 22 18:23 : update: added the GazzetE/the GazettE - INSIDE BEAST.mp3
Mar 22 18:23 : update: added the GazzetE/the GazettE - DOGMA.mp3
Mar 22 18:23 : update: added Bill McClintlock/Bill Withers and Pantera - 'Use My Mouth for War'.mp3
Mar 22 18:23 : update: added Bill McClintlock/James Hetfield and the News - 'Hip to Be the Sandman'.mp3
Mar 22 18:23 : update: added Bill McClintlock/MASHUP - Kool & the Gang and Quiet Riot - 'Bang Your Head (It's a Celebration)'.mp3
Mar 22 18:23 : update: added Bill McClintlock/Nine Inch Players (With Special Guest David Bowie) - 'Close Fire'.mp3
Mar 22 18:23 : update: added Bill McClintlock/James Brotörhead - 'Superkill'.mp3
Mar 22 18:23 : update: added Bill McClintlock/Mötley Bröwn - 'I Got Girls (I Feel Good)'.mp3
Mar 22 18:23 : update: added Bill McClintlock/Chic-knot - 'Dance Memories'.mp3
Mar 22 18:23 : update: added Bill McClintlock/Chicago and Black Sabbath - “Plenty High or 6 to 4”.mp3
Mar 22 18:23 : update: added Bill McClintlock/3 Discos Down - 'Funktonite'.mp3
Mar 22 18:23 : update: added Bill McClintlock/Leotallica - 'You Make Me Feel Like Dancing (You Know It's Sad But True)'.mp3
Mar 22 18:23 : update: added Bill McClintlock/Aerosmith and The Temptations - 'I Can't Walk Next to You'.mp3
Mar 22 18:23 : update: added Bill McClintlock/Vank Walen - 'Your Jumpin' Heart'.mp3
Mar 22 18:23 : update: added Bill McClintlock/MegaJackson - 'Sweating Robins'.mp3
Mar 22 18:23 : update: added Bill McClintlock/The Bee Gees and Gwen Stefani - “Stayin' A Hollaback Girl”.mp3
Mar 22 18:23 : update: added Bill McClintlock/The Temptations and Great White - 'Ain't Too Shy to Beg'.mp3
Mar 22 18:23 : update: added Bill McClintlock/Ozzy Osbourne, Marvin Gaye⧸Tammi Terrell, and the Four Tops - ＂Ain't No Shadow Dark Enough＂.mp3
Mar 22 18:23 : update: added Bill McClintlock/Spiceknot - 'If You Wanna Breathe My Sulfur'.mp3
Mar 22 18:23 : update: added Bill McClintlock/Van Free Riot - 'Ain't Talkin' 'bout Metal Health Now'.mp3
Mar 22 18:23 : update: added Bill McClintlock/MASHUP - Mariah Manson - ＂All I Want For Christmas is the Beautiful People＂.mp3
Mar 22 18:23 : update: added Bill McClintlock/Iron Sembello - 'She's a Trooper'.mp3
Mar 22 18:23 : update: added Bill McClintlock/Kid Rock of Bel Air.mp3
Mar 22 18:23 : update: added Bill McClintlock/Power Rangers and Judas Priest - “Electric Power”.mp3
Mar 22 18:23 : update: added Bill McClintlock/Lenny Kravitz and The Doors - “Fly Away, LA Woman”.mp3
Mar 22 18:23 : update: added Bill McClintlock/Michael Jackson and Foreigner - “Beat It⧸Urgent”.mp3
Mar 22 18:23 : update: added Bill McClintlock/Gloria Gaynor and Dio - “I Will Survive the Rainbow in the Dark”.mp3
Mar 22 18:23 : update: added Bill McClintlock/Slipknot and The B-52s - 'Slipshack'.mp3
Mar 22 18:23 : update: added Bill McClintlock/The Megatallica Sisters -  'Master of the Neutron Dance of Destruction'.mp3
Mar 22 18:23 : update: added Bill McClintlock/Blam! - ＂Wake Me Up Before You Go Go to the Grave＂.mp3
Mar 22 18:23 : update: added Bill McClintlock/Metallica, Megadeth, and The Who - 'Eminence of Holy Wars and Creeping Death'.mp3
Mar 22 18:23 : update: added Bill McClintlock/MASHUP - 'Rock the Space Freak'.mp3
Mar 22 18:23 : update: added Bill McClintlock/Isleyhead - 'Ace of Shout'.mp3
Mar 22 18:23 : update: added Bill McClintlock/Ted Jackson - “Hey Baby Am I Black or White”.mp3
Mar 22 18:23 : update: added Bill McClintlock/Los Disturbados - 'Stuparena'.mp3
Mar 22 18:23 : update: added Bill McClintlock/Judas James - 'Super Rock Hard'.mp3
Mar 22 18:23 : update: added Bill McClintlock/Ricky Martin and Disturbed - “Livin' La Vida Stricken”.mp3
Mar 22 18:23 : update: added Bill McClintlock/RATT and Marvin Gaye - “I Heard it Round and Round the Grapevine”.mp3
Mar 22 18:23 : update: added Oliver Anthony/Oliver Anthony - Rich Men North Of Richmond.mp3
Mar 22 18:23 : update: added Spin Doctors/Spin Doctors 🌀 Little Miss Can't Be Wrong  & Two Princes zoom 2020.mp3
Mar 22 18:23 : update: added KingsX/King's X - King.mp3
Mar 22 18:23 : update: added KingsX/King's X - It's Love.mp3
Mar 22 18:23 : update: added KingsX/King's X - Black the Sky.mp3
Mar 22 18:23 : update: added KingsX/King's X - Dogman.mp3
Mar 22 18:23 : update: added KingsX/King's X - Goldilox.mp3
Mar 22 18:23 : update: added Sevendust/Sevendust  - Superficial Drug (Official Video).mp3
Mar 22 18:23 : update: added Sevendust/Sevendust - ＂Fence＂ (Official Music Video).mp3
Mar 22 18:23 : update: added Sevendust/Sevendust - Holy Water (Official Video).mp3
Mar 22 18:23 : update: added Queensryche/Queensrÿche - Silent Lucidity - Remastered 2003.mp3
Mar 22 18:23 : update: added Queensryche/Queensrÿche - Eyes Of A Stranger - Remastered 2003.mp3
Mar 22 18:23 : update: added Queensryche/Queensrÿche - Empire - Remastered 2003.mp3
Mar 22 18:23 : update: added Queensryche/Queensrÿche - Queen Of The Reich - Remastered 2003.mp3
Mar 22 18:23 : update: added Metallica/Metallica - Fuel.mp3
Mar 22 18:23 : update: added Metallica/Metallica - Nothing Else Matters (Remastered).mp3
Mar 22 18:23 : update: added Metallica/Metallica - Wherever I May Roam (Remastered).mp3
Mar 22 18:23 : update: added Metallica/Metallica - One (Remastered).mp3
Mar 22 18:23 : update: added Metallica/Metallica - For Whom The Bell Tolls (Remastered).mp3
Mar 22 18:23 : update: added Metallica/Metallica - Master of Puppets (Remastered).mp3
Mar 22 18:23 : update: added Metallica/Metallica - Enter Sandman (Remastered).mp3
Mar 22 18:23 : update: added Metallica/Metallica - Sad But True (Remastered).mp3
Mar 22 18:23 : update: added Metallica/Metallica - The Unforgiven (Remastered).mp3
Mar 22 18:23 : update: added Metallica/Metallica - Whiskey In The Jar.mp3
Mar 22 18:23 : update: added Van Halen/Van Halen - (Oh) Pretty Woman - 2015 Remaster.mp3
Mar 22 18:23 : update: added Van Halen/Van Halen - Humans Being (HD Remaster).mp3
Mar 22 18:23 : update: added Van Halen/Van Halen - Panama - 2015 Remaster.mp3
Mar 22 18:23 : update: added Van Halen/Van Halen - Why Can't This Be Love.mp3
Mar 22 18:23 : update: added Van Halen/Van Halen - You Really Got Me - 2015 Remaster.mp3
Mar 22 18:23 : update: added Van Halen/Van Halen - Hot for Teacher - 2015 Remaster.mp3
Mar 22 18:23 : update: added Van Halen/Van Halen - Dreams.mp3
Mar 22 18:23 : update: added Van Halen/Van Halen - Runnin' with the Devil - 2015 Remaster.mp3
Mar 22 18:23 : update: added Van Halen/Van Halen - Right Now.mp3
Mar 22 18:23 : update: added Van Halen/Van Halen - Jump - 2015 Remaster.mp3
Mar 22 18:23 : update: added Alien Ant Farm/Alien Ant Farm - Smooth Criminal.mp3
Mar 22 18:23 : update: added Twisted Sister/Twisted Sister - We're Not Gonna Take It (Metal Hall of Fame Awards - 1⧸26⧸2023).mp3
Mar 22 18:23 : update: added Twisted Sister/Twisted Sister - We're Not Gonna Take It.mp3
Mar 22 18:23 : update: added Twisted Sister/Twisted Sister - I Wanna Rock.mp3
Mar 22 18:23 : update: added Twisted Sister/Twisted Sister - Come Out and Play.mp3
Mar 22 18:23 : update: added Unkle Bonehead/Boy in Love-BTS-Cover.mp3
Mar 22 18:23 : update: added Unkle Bonehead/HeardIt-REO.mp3
Mar 22 18:23 : update: added Unkle Bonehead/BlueCollarMan.mp3
Mar 22 18:23 : update: added Unkle Bonehead/DropDaMic.mp3
Mar 22 18:23 : update: added Unkle Bonehead/Work It Out.mp3
Mar 22 18:23 : update: added Unkle Bonehead/unklebonehead_descent.mp3
Mar 22 18:23 : update: added Unkle Bonehead/unklebonehead_freedom.mp3
Mar 22 18:23 : update: added Unkle Bonehead/unklebonehead_luvzdead.mp3
Mar 22 18:23 : update: added Unkle Bonehead/Call of the RavenVer6.mp3
Mar 22 18:23 : update: added Unkle Bonehead/Decended-128.mp3
Mar 22 18:23 : update: added Unkle Bonehead/Hammer On Down-w ex solo.mp3
Mar 22 18:23 : update: added Unkle Bonehead/AfL-BOH.flac
Mar 22 18:23 : update: added Datura/Crywolf - DATURA [paroxysm].mp3
Mar 22 18:23 : update: added Michael Jackson/Michael Jackson - Dirty Diana.mp3
Mar 22 18:23 : update: added Europe/Europe - Rock the Night.mp3
Mar 22 18:23 : update: added Europe/Europe - Carrie.mp3
Mar 22 18:23 : update: added Europe/Europe - The Final Countdown.mp3
Mar 22 18:23 : update: added Europe/Europe - Cherokee.mp3
Mar 22 18:23 : update: added Def Leppard/Def Leppard - Pour Some Sugar On Me - Remastered 2017.mp3
Mar 22 18:23 : update: added Def Leppard/Def Leppard - Rock Of Ages.mp3
Mar 22 18:23 : update: added Def Leppard/Def Leppard - Let's Get Rocked.mp3
Mar 22 18:23 : update: added Def Leppard/Def Leppard - Foolin'.mp3
Mar 22 18:23 : update: added Def Leppard/Def Leppard - Photograph.mp3
Mar 22 18:23 : update: added Motley Crue/Mötley Crüe - Girls, Girls, Girls.mp3
Mar 22 18:23 : update: added Motley Crue/Mötley Crüe - Looks That Kill.mp3
Mar 22 18:23 : update: added Motley Crue/Mötley Crüe - Dr. Feelgood.mp3
Mar 22 18:23 : update: added Motley Crue/Mötley Crüe - Home Sweet Home.mp3
Mar 22 18:23 : update: added Motley Crue/Mötley Crüe - Same Ol' Situation (S.O.S.).mp3
Mar 22 18:23 : update: added Motley Crue/Mötley Crüe - Kickstart My Heart.mp3
Mar 22 18:23 : update: added Motley Crue/Mötley Crüe - Wild Side.mp3
Mar 22 18:23 : update: added Motley Crue/Mötley Crüe - Shout At The Devil.mp3
Mar 22 18:23 : update: added Arovsk/My Fault.mp3
Mar 22 18:23 : update: added Arovsk/The Feud.mp3
Mar 22 18:23 : update: added Arovsk/Phantoms.mp3
Mar 22 18:23 : update: added Arovsk/Chasing Halos.mp3
Mar 22 18:23 : update: added Arovsk/Feed My Destruction.mp3
Mar 22 18:23 : update: added Arovsk/The Nothing.mp3
Mar 22 18:23 : update: added Arovsk/Secrets.mp3
Mar 22 18:23 : update: added Arovsk/Saint Lucid.mp3
Mar 22 18:23 : update: added Arovsk/Love Suicide.mp3
Mar 22 18:23 : update: added Johnny Gearjammer/johnnygearjammer_inmyarmsdemo.mp3
Mar 22 18:23 : update: added Johnny Gearjammer/johnnygearjammer_insideme.mp3
Mar 22 18:23 : update: added Johnny Gearjammer/johnnygearjammer_misery.mp3
Mar 22 18:23 : update: added Johnny Gearjammer/johnnygearjammer_inlovewithyou.mp3
Mar 22 18:23 : update: added Johnny Gearjammer/johnnygearjammer_wherehaveyoubeen.mp3
Mar 22 18:23 : update: added Johnny Gearjammer/johnnygearjammer_burningbridges.mp3
Mar 22 18:23 : update: added Johnny Gearjammer/johnnygearjammer_emptyspacesrough.mp3
Mar 22 18:23 : update: added Johnny Gearjammer/johnnygearjammer_undermyskin.mp3
Mar 22 18:23 : update: added Johnny Gearjammer/johnnygearjammer_inlovewithyou (1).mp3
Mar 22 18:23 : update: added Dokken/Dokken - Santa Claus Is Coming To Town.mp3
Mar 22 18:23 : update: added Dokken/DOKKEN - Fugitive.mp3
Mar 22 18:23 : update: added AcDc/ACDC - Back In Black.mp3
Mar 22 18:23 : update: added Stick Up Boys/turnmeup-stickupbos.ogg
Mar 22 18:23 : update: added Stick Up Boys/Stick Up Boys - Be Like You.mp3
Mar 22 18:23 : update: added Stick Up Boys/Stick Up Boys - Bad Boy - Instrumental.mp3
Mar 22 18:23 : update: added Stick Up Boys/Broken/Uprising.mp3
Mar 22 18:23 : update: added Stick Up Boys/Broken/Move It (Sh Sh Shake).mp3
Mar 22 18:23 : update: added Stick Up Boys/Broken/Broken.mp3
Mar 22 18:23 : update: added Stick Up Boys/Broken/Keep It Steady.mp3
Mar 22 18:23 : update: added Stick Up Boys/Broken/My Heart Beats.mp3
Mar 22 18:23 : update: added Stick Up Boys/Stick Up Boys, Phil Saatchi - Letters.mp3
Mar 22 18:23 : update: added Stick Up Boys/Stick Up Boys - Were the Stick up Boys.mp3
Mar 22 18:23 : update: added Stick Up Boys/Stick Up Boys - DNA.mp3
Mar 22 18:23 : update: added Stick Up Boys/Black Eye Butterfly - I am an Antenna - Stick Up Boys Remix.mp3
Mar 22 18:23 : update: added Stick Up Boys/Stick Up Boys, TDC Tunes - Dust of the Street.mp3
Mar 22 18:23 : update: added Stick Up Boys/Stick Up Boys - Getaway.mp3
Mar 22 18:23 : update: added Stick Up Boys/Stick Up Boys - Make Me Beautiful - Dirty Scorpix Remix.mp3
Mar 22 18:23 : update: added Stick Up Boys/Stick Up Boys - Make Me Beautiful - Olskxx Twisted Remix.mp3
Mar 22 18:23 : update: added Stick Up Boys/Stick Up Boys, Ambrose Chappel - Do what I want - Instrumental.mp3
Mar 22 18:23 : update: added Stick Up Boys/Stick Up Boys - Knife At My Throat.mp3
Mar 22 18:23 : update: added Stick Up Boys/Stick Up Boys - Make Me Beautiful - Ambrose Chappel Best Ever Remix.mp3
Mar 22 18:23 : update: added Stick Up Boys/Stick Up Boys, Jerome Klark - Everything You Got.mp3
Mar 22 18:23 : update: added Stick Up Boys/Stick Up Boys, Jerome Klark - Everything You Got - Stick Up Boys Remix.mp3
Mar 22 18:23 : update: added Stick Up Boys/TDC Tunes, Stick Up Boys - Traveller's Path.mp3
Mar 22 18:23 : update: added Stick Up Boys/DontStop/Dont Stop.mp3
Mar 22 18:23 : update: added Stick Up Boys/DontStop/Immovable.mp3
Mar 22 18:23 : update: added Stick Up Boys/DontStop/Be Like You.mp3
Mar 22 18:23 : update: added Stick Up Boys/DontStop/Were the Stick up Boys.mp3
Mar 22 18:23 : update: added Stick Up Boys/Stick Up Boys - Make Me Beautiful - Karnevor old skool remix.mp3
Mar 22 18:23 : update: added Stick Up Boys/Everything For Christmas.ogg
Mar 22 18:23 : update: added Stick Up Boys/Stick Up Boys - Turn Me Up.mp3
Mar 22 18:23 : update: added Stick Up Boys/Stick Up Boys, James Black Presents - Lockdown Baby - James Blacks Nice With Ice Remix.mp3
Mar 22 18:23 : update: added Stick Up Boys/Stick Up Boys - BTT - Instrumental.mp3
Mar 22 18:23 : update: added Stick Up Boys/Stick Up Boys - Trouble.mp3
Mar 22 18:23 : update: added Stick Up Boys/Stick Up Boys, Ambrose Chappel - Do What I Want - Original.mp3
Mar 22 18:23 : update: added Stick Up Boys/Stick Up Boys - BTT - James Black Presents Remix.mp3
Mar 22 18:23 : update: added Stick Up Boys/Stick Up Boys, Gribbles - Make Me Beautiful - You look good on the dance floor Gribblymix.mp3
Mar 22 18:23 : update: added Stick Up Boys/Stick Up Boys - Emergency Warning - Instrumental.mp3
Mar 22 18:23 : update: added Stick Up Boys/Stick Up Boys - Bad Boy.mp3
Mar 22 18:23 : update: added Stick Up Boys/The Turtle Project - Sleeping - Stick Up Boys Remix.mp3
Mar 22 18:23 : update: added Stick Up Boys/DaveyHub, Stick Up Boys - Lavender.mp3
Mar 22 18:23 : update: added Stick Up Boys/Stick Up Boys - Knife at my throat - Remastered 2023.mp3
Mar 22 18:23 : update: added Stick Up Boys/Stick Up Boys - Immovable.mp3
Mar 22 18:23 : update: added Stick Up Boys/Stick Up Boys - Just Won't Do It - Remastered 2023.mp3
Mar 22 18:23 : update: added Stick Up Boys/Stick Up Boys - Dust Bowl Hurricane.mp3
Mar 22 18:23 : update: added Stick Up Boys/Trip Jacker, Stick Up Boys - Don't Be Shy.mp3
Mar 22 18:23 : update: added Stick Up Boys/Stick Up Boys, Koo - My Heart Beats.mp3
Mar 22 18:23 : update: added Stick Up Boys/Stick Up Boys - BTT - Original mix.mp3
Mar 22 18:23 : update: added Stick Up Boys/Stick Up Boys - Make Me Beautiful - Hillbilly House Hypnotic Remix.mp3
Mar 22 18:23 : update: added Stick Up Boys/DaveyHub, Stick Up Boys - Lavender - DZM Remix.mp3
Mar 22 18:23 : update: added Stick Up Boys/Stick Up Boys - So Much Wrong.mp3
Mar 22 18:23 : update: added Stick Up Boys/Stick Up Boys - Move It (Sh Sh Shake).mp3
Mar 22 18:23 : update: added Stick Up Boys/Only Got Eyes For You.mp3
Mar 22 18:23 : update: added Stick Up Boys/Stick Up Boys - So Much Wrong - Instrumental.mp3
Mar 22 18:23 : update: added Stick Up Boys/Stick Up Boys - The Only Way.mp3
Mar 22 18:23 : update: added Stick Up Boys/Stick Up Boys, Gribbles - Existence Evolved.mp3
Mar 22 18:23 : update: added Stick Up Boys/Stick Up Boys - Uprising.mp3
Mar 22 18:23 : update: added Stick Up Boys/Stick Up Boys - Keep It Steady.mp3
Mar 22 18:23 : update: added Stick Up Boys/Stick Up Boys - Forget Ya - Remastered 2023.mp3
Mar 22 18:23 : update: added Stick Up Boys/Stick Up Boys - Forget You.mp3
Mar 22 18:23 : update: added Stick Up Boys/Stick Up Boys, Jerome Klark - Everything You Got - Men in Tuxedo Remix.mp3
Mar 22 18:23 : update: added Stick Up Boys/Stick Up Boys, Jerome Klark - Everything You Got - Kenny Laakkinen Remix.mp3
Mar 22 18:23 : update: added Stick Up Boys/Stick Up Boys - Pumping Filth.mp3
Mar 22 18:23 : update: added Stick Up Boys/Stick Up Boys - Party in My Backyard - Steve Luxe Remix.mp3
Mar 22 18:23 : update: added Stick Up Boys/Dark and Dirty/Pumping Filth.mp3
Mar 22 18:23 : update: added Stick Up Boys/Dark and Dirty/The Pick Up.mp3
Mar 22 18:23 : update: added Stick Up Boys/Dark and Dirty/One Hundred Yards.mp3
Mar 22 18:23 : update: added Stick Up Boys/Dark and Dirty/Knife At My Throat.mp3
Mar 22 18:23 : update: added Stick Up Boys/Dark and Dirty/Turn me up.mp3
Mar 22 18:23 : update: added Stick Up Boys/Dark and Dirty/Forget You.mp3
Mar 22 18:23 : update: added Stick Up Boys/Dark and Dirty/Dust Bowl Hurricane.mp3
Mar 22 18:23 : update: added Stick Up Boys/Dark and Dirty/Digital Dinosaur.mp3
Mar 22 18:23 : update: added Stick Up Boys/Dark and Dirty/Metal Man.mp3
Mar 22 18:23 : update: added Stick Up Boys/Dark and Dirty/Trouble.mp3
Mar 22 18:23 : update: added Stick Up Boys/Dark and Dirty/DNA.mp3
Mar 22 18:23 : update: added Stick Up Boys/Stick Up Boys, Trip Jacker - Brand New World.mp3
Mar 22 18:23 : update: added Stick Up Boys/Stick Up Boys - Only Got Eyes For You.mp3
Mar 22 18:23 : update: added Stick Up Boys/C & C Music Factory, Freedom Williams - Gonna Make You Sweat (Everybody Dance Now).mp3
Mar 22 18:23 : update: added Stick Up Boys/Stick Up Boys - The Pick Up.mp3
Mar 22 18:23 : update: added Stick Up Boys/Stick Up Boys - Going Out (James Black OUT-OUT Remix) 16-bit sherry master (1).ogg
Mar 22 18:23 : update: added Stick Up Boys/Ambrose Chappel & Ikashflo - Gimme Love - Stick Up Boys Summer Vibes Remix.mp3
Mar 22 18:23 : update: added Stick Up Boys/Stick Up Boys - Trouble - Remastered 2023.mp3
Mar 22 18:23 : update: added Stick Up Boys/Stick Up Boys - Digital Dinosaur.mp3
Mar 22 18:23 : update: added Stick Up Boys/Stick Up Boys - One Hundred Yards - Remastered 2023.mp3
Mar 22 18:23 : update: added Stick Up Boys/Stick Up Boys, Ambrose Chappel - Going out.mp3
Mar 22 18:23 : update: added Stick Up Boys/Stick Up Boys, Jerome Klark - Everything You Got - Blender Dub Mix.mp3
Mar 22 18:23 : update: added Stick Up Boys/ØLSKXX, Stick Up Boys - King of Mount Trytra.mp3
Mar 22 18:23 : update: added Stick Up Boys/Stick Up Boys - Going Out (James Black OUT-OUT Remix) 16-bit sherry master.ogg
Mar 22 18:23 : update: added Stick Up Boys/Stick Up Boys - Turn me up.mp3
Mar 22 18:23 : update: added Stick Up Boys/Stick Up Boys - Do you have the love.mp3
Mar 22 18:23 : update: added Stick Up Boys/Stick Up Boys - One Hundred Yards.mp3
Mar 22 18:23 : update: added Stick Up Boys/Stick Up Boys - Broken.mp3
Mar 22 18:23 : update: added Stick Up Boys/Stick Up Boys - Make Me Beautiful - Bufinjer Remix.mp3
Mar 22 18:23 : update: added Stick Up Boys/James Black Presents, Stick Up Boys - Going Out - Out Out Remix.mp3
Mar 22 18:23 : update: added Stick Up Boys/Stick Up Boys - Dont Stop.mp3
Mar 22 18:23 : update: added Stick Up Boys/Stick Up Boys - Just Won't Do It - Instrumental.mp3
Mar 22 18:23 : update: added Stick Up Boys/DNA.ogg
Mar 22 18:23 : update: added Stick Up Boys/Stick Up Boys - Make Me Beautiful - James Black Presents Intoxicated Remix.mp3
Mar 22 18:23 : update: added Stick Up Boys/Stick Up Boys - Happy - James Black SubaDub Remix.mp3
Mar 22 18:23 : update: added Stick Up Boys/Stick Up Boys - Metal Man.mp3
Mar 22 18:23 : update: added Stick Up Boys/Stick Up Boys - Make Me Beautiful.mp3
Mar 22 18:23 : update: added Stick Up Boys/Stick Up Boys - Party in My Backyard.mp3
Mar 22 18:23 : update: added Stick Up Boys/BTT_Original_Stick_Up_Boys_Mix_mp3.mp3
Mar 22 18:23 : update: added Stick Up Boys/Stick Up Boys - Last Chance - Instrumental.mp3
Mar 22 18:23 : update: added in-your-dreams-48.zip/in-your-dreams1.mp3
Mar 22 18:23 : update: added in-your-dreams-48.zip/in-your-dreams2.mp3
Mar 22 18:23 : update: added in-your-dreams-48.zip/in-your-dreams3.mp3
Mar 22 18:23 : update: added in-your-dreams-48.zip/in-your-dreams4.mp3
Mar 22 18:23 : update: added Anthrax/Black Sabbath - Sabbath Bloody Sabbath - 2014 Remaster.mp3
Mar 22 18:23 : update: added Anthrax/Anthrax - Among The Living.mp3
Mar 22 18:23 : update: added Anthrax/Anthrax - Medusa.mp3
Mar 22 18:23 : update: added Anthrax/Anthrax - Caught In A Mosh.mp3
Mar 22 18:23 : update: added Anthrax/Anthrax - Indians.mp3
Mar 22 18:23 : update: added Anthrax/Anthrax - Got The Time.mp3
Mar 22 18:23 : update: added Anthrax/Anthrax - I'm The Man - Def Uncensored Version.mp3
Mar 22 18:23 : update: added Anthrax/Anthrax - Sabbath Bloody Sabbath.mp3
Mar 22 18:23 : update: added Anthrax/Anthrax - Antisocial.mp3
Mar 22 18:23 : update: added Quiet Riot/Quiet Riot - Metal Health (Bang Your Head).mp3
Mar 22 18:23 : update: added Quiet Riot/Quiet Riot - Mama Weer All Crazee Now.mp3
Mar 22 18:23 : update: added Quiet Riot/Quiet Riot - Cum on Feel the Noize.mp3
Mar 22 18:23 : update: added Quiet Riot/Quiet Riot - Slick Black Cadillac.mp3
Mar 22 18:23 : update: added Quiet Riot/Quiet Riot - The Wild And The Young.mp3
Mar 22 18:23 : update: added _Frostbite Orkings/Frostbite Orckings - Guardians of Time.mp3
Mar 22 18:23 : update: added _Frostbite Orkings/Frostbite Orckings - Bye Bye Wintertime.mp3
Mar 22 18:23 : update: added UMC/＂Black Velvet＂ - Alannah Myles (Ultimate Cover).mp3
Mar 22 18:23 : update: added UMC/＂Genie In A Bottle＂ - Christina Aguilera (Cover by UMC).mp3
Mar 22 18:23 : update: added UMC/Eurythmics - Sweet Dreams (HD) [Metal Cover by UMC] feat. Nastassja G., Nico S. and Toby K..mp3
Mar 22 18:23 : update: added UMC/Uptown Funk - Mark Ronson ft. Bruno Mars [Metal Cover by UMC 2019].mp3
Mar 22 18:23 : update: added UMC/HAPPY - Pharrell Williams [Metal Cover by UMC 2020].mp3
Mar 22 18:23 : update: added The Offspring/The Offspring - Pretty Fly (For A White Guy).mp3
Mar 22 18:23 : update: added The Offspring/The Offspring - The Kids Aren't Alright.mp3
Mar 22 18:23 : update: added The Offspring/The Offspring - You're Gonna Go Far, Kid.mp3
Mar 22 18:23 : update: added The Offspring/The Offspring - Come Out and Play.mp3
Mar 22 18:23 : update: added The Offspring/The Offspring - Why Don't You Get A Job.mp3
Mar 22 18:23 : update: added Dorothy/Dorothy - Wicked Ones.mp3
Mar 22 18:23 : update: added Dorothy/Dorothy - A Beautiful Life.mp3
Mar 22 18:23 : update: added Dorothy/Dorothy - Black Sheep.mp3
Mar 22 18:23 : update: added Dorothy/Dorothy - Rest In Peace.mp3
Mar 22 18:23 : update: added Dorothy/Dorothy - Raise Hell.mp3
Mar 22 18:23 : update: added Dorothy/Dorothy - Gifts From The Holy Ghost (Vevo Studio Performance).mp3
Mar 22 18:23 : update: added Stryper/Stryper - To Hell with the Devil.mp3
Mar 22 18:23 : update: added Stryper/Stryper - Calling On You.mp3
Mar 22 18:23 : update: added Stryper/Stryper - Free.mp3
Mar 22 18:23 : update: added Stryper/Stryper - Winter Wonderland.mp3
Mar 22 18:23 : update: added Stryper/Stryper - Honestly.mp3
Mar 22 18:23 : update: added Stryper/Stryper - Always There For You.mp3
Mar 22 18:23 : update: added Stryper/Stryper - Transgressor.mp3
Mar 22 18:23 : update: added Stryper/Stryper - Soldiers Under Command.mp3
Mar 22 18:23 : update: added Stryper/Stryper - Reason For The Season.mp3
Mar 22 18:23 : update: added Stryper/Stryper - Yahweh.mp3
Mar 22 18:23 : update: added Leo Morraccoli/Leo - ABCDEFU (Metal Version).mp3
Mar 22 18:23 : update: added Leo Morraccoli/Leo - In The Air Tonight - Metal Version.mp3
Mar 22 18:23 : update: added Leo Morraccoli/Leo - A Holly Jolly Christmas (Metal Version).mp3
Mar 22 18:23 : update: added Leo Morraccoli/Leo - Pink Venom (Metal Version).mp3
Mar 22 18:23 : update: added Leo Morraccoli/Leo - The Ballroom Blitz (Metal Version).mp3
Mar 22 18:23 : update: added Leo Morraccoli/Leo - Jump (Metal Version).mp3
Mar 22 18:23 : update: added Leo Morraccoli/Leo, Pete Cottrell - Hello (Metal Cover).mp3
Mar 22 18:23 : update: added Leo Morraccoli/Leo - Highway to Hell (Metal Version).mp3
Mar 22 18:23 : update: added Leo Morraccoli/Leo, Hannah Boulton, Rabea Massaad - Africa (Metal Cover).mp3
Mar 22 18:23 : update: added Leo Morraccoli/Leo, Hannah Boulton, Truls Haugen, Erik Torp, Rabea Massaad - Come Together (Metal Version).mp3
Mar 22 18:23 : update: added Leo Morraccoli/Leo - Black Betty - Metal Version.mp3
Mar 22 18:23 : update: added Leo Morraccoli/Leo - Dirty Diana (Metal Version).mp3
Mar 22 18:23 : update: added Leo Morraccoli/Leo - Uptown Funk - Metal Cover.mp3
Mar 22 18:23 : update: added Leo Morraccoli/Leo - Y.M.C.A (Metal Version).mp3
Mar 22 18:23 : update: added Leo Morraccoli/Leo - Everybody Wants To Rule The World (Metal Version).mp3
Mar 22 18:23 : update: added Leo Morraccoli/Leo, Erik Torp, Hannah Boulton, Truls Haugen, Rabea Massaad - Barracuda (Metal Version).mp3
Mar 22 18:23 : update: added Leo Morraccoli/Leo - Butter (Metal Version).mp3
Mar 22 18:23 : update: added Leo Morraccoli/Leo - Burning Down the House (Metal Version).mp3
Mar 22 18:23 : update: added Leo Morraccoli/Leo - Immigrant Song (Metal Version).mp3
Mar 22 18:23 : update: added Leo Morraccoli/Leo - Hot in Herre (Metal Version).mp3
Mar 22 18:23 : update: added Leo Morraccoli/Leo - Who Let the Dogs Out (Metal Version).mp3
Mar 22 18:23 : update: added Leo Morraccoli/Leo - Baby Got Back (Metal Version).mp3
Mar 22 18:23 : update: added Leo Morraccoli/Leo - Funkytown (Metal Version).mp3
Mar 22 18:23 : update: added Leo Morraccoli/Leo - Feel Good Inc. (Metal Cover).mp3
Mar 22 18:23 : update: added Leo Morraccoli/Leo - Paint It Black (Metal Version).mp3
Mar 22 18:23 : update: added Leo Morraccoli/Leo - (Don´t Fear) The Reaper (Metal Cover).mp3
Mar 22 18:23 : update: added Leo Morraccoli/Leo - Boombayah (Metal Version).mp3
Mar 22 18:23 : update: added Leo Morraccoli/Sir Mix-A-Lot - Baby Got Back.mp3
Mar 22 18:23 : update: added Leo Morraccoli/Leo - Hip to Be Square (Metal Version).mp3
Mar 22 18:23 : update: added Leo Morraccoli/Leo, Lillian Rinaldo Kyllingstad - Genie in a Bottle (Metal Cover).mp3
Mar 22 18:23 : update: added Leo Morraccoli/Leo - All Star (Metal Version).mp3
Mar 22 18:23 : update: added Leo Morraccoli/BLACKPINK - BOOMBAYAH - Japanese Version.mp3
Mar 22 18:23 : update: added Crystal Casey/Crystal Casey - Oғ Mʏᴛʜ & Mᴇɴ - 06 Hᴜɴɢʀʏ Gʜᴏsᴛ (Qᴜɪᴇᴛ Vᴇʀsɪᴏɴ).mp3
Mar 22 18:23 : update: added Crystal Casey/Crystal Casey - Oғ Mʏᴛʜ & Mᴇɴ - 01 Dᴀᴍᴏᴄʟᴇs.mp3
Mar 22 18:23 : update: added Crystal Casey/Crystal Casey - Oғ Mʏᴛʜ & Mᴇɴ - 05 Tʜᴇ Fʀᴏᴢᴇɴ Wᴏʀᴅ.mp3
Mar 22 18:23 : update: added Crystal Casey/Crystal Casey - Oғ Mʏᴛʜ & Mᴇɴ - 02 Dᴇᴄᴇᴍʙᴇʀ ɪɴ Yᴏᴜʀ Aʀᴍs.mp3
Mar 22 18:23 : update: added Crystal Casey/Crystal Casey - Oғ Mʏᴛʜ & Mᴇɴ - 03 Hᴜɴɢʀʏ Gʜᴏsᴛ.mp3
Mar 22 18:23 : update: added Crystal Casey/Crystal Casey - Oғ Mʏᴛʜ & Mᴇɴ - 04 Mɪʀʀᴏʀ Mɪʀʀᴏʀ.mp3
Mar 22 18:23 : update: added Jerry reed/Jerry Reed - East Bound and Down.mp3
Mar 22 18:23 : update: added System of a Down/System Of A Down - Chop Suey!.mp3
Mar 22 18:23 : update: added System of a Down/System Of A Down - Toxicity.mp3
Mar 22 18:23 : update: added System of a Down/System Of A Down - Aerials.mp3
Mar 22 18:23 : update: added Lacuna Coil/Lacuna Coil - Reckless.mp3
Mar 22 18:23 : update: added Lacuna Coil/Lacuna Coil - Losing My Religion.mp3
Mar 22 18:23 : update: added Lacuna Coil/Lacuna Coil - Heaven's a Lie.mp3
Mar 22 18:23 : update: added Lacuna Coil/Lacuna Coil - Our Truth.mp3
Mar 22 18:23 : update: added Eric Clapton/Eric Clapton, Jon Astley, Andy Macpherson - Layla.mp3
Mar 22 18:23 : update: added Eric Clapton/Eric Clapton - Tears in Heaven.mp3
Mar 22 18:23 : update: added Eric Clapton/Eric Clapton - Cocaine.mp3
Mar 22 18:23 : update: added Eric Clapton/Eric Clapton - Wonderful Tonight.mp3
Mar 22 18:23 : update: added Red Rider/Red Rider - Lunatic Fringe.mp3
Mar 22 18:23 : update: added /2 Girls 1 Cup Song.mp3
Mar 22 18:23 : update: added Dream Theater/Punker - Dream Theater.mp3
Mar 22 18:23 : update: added Dream Theater/Dream Theater - The Enemy Inside.mp3
Mar 22 18:23 : update: added Dream Theater/Dream Theater - Pull Me Under.mp3
Mar 22 18:23 : update: added Dream Theater/Dream Theater - 6-00.mp3
Mar 22 18:23 : update: added Dream Theater/Dream Theater - Another Day.mp3
Mar 22 18:23 : update: added Skid Row/Skid Row - 18 and Life.mp3
Mar 22 18:23 : update: added Skid Row/Skid Row - Piece of Me.mp3
Mar 22 18:23 : update: added Skid Row/Skid Row - Wasted Time.mp3
Mar 22 18:23 : update: added Skid Row/Skid Row - I Remember You.mp3
Mar 22 18:23 : update: added Skid Row/Skid Row - Jingle Bells.mp3
Mar 22 18:23 : update: added Skid Row/Skid Row - Youth Gone Wild.mp3
Mar 22 18:23 : update: added Sid/SID - ENAMEL.mp3
Mar 22 18:23 : update: added Baby Metal/BAND-MAID - Hate.mp3
Mar 22 18:23 : update: added Baby Metal/BABYMETAL - BABYMETAL DEATH.mp3
Mar 22 18:23 : update: added Baby Metal/BABYMETAL - Megitsune.mp3
Mar 22 18:23 : update: added Baby Metal/BABYMETAL - メタり！！ (feat. Tom Morello) (OFFICIAL).mp3
Mar 22 18:23 : update: added Baby Metal/BABYMETAL - BxMxC.mp3
Mar 22 18:23 : update: added Baby Metal/BAND-MAID - Shambles.mp3
Mar 22 18:23 : update: added Baby Metal/BAND-MAID - DICE.mp3
Mar 22 18:23 : update: added Baby Metal/BABYMETAL - Headbangeeeeerrrrr!!!!!.mp3
Mar 22 18:23 : update: added Baby Metal/BABYMETAL - GJ!.mp3
Mar 22 18:23 : update: added Baby Metal/BAND-MAID - Sense.mp3
Mar 22 18:23 : update: added Yousei Teikoku/NateWantsToBattle, AmaLee - Kuusou Mesorogiwi (From 'Future Diary').mp3
Mar 22 18:23 : update: added Yousei Teikoku/Yousei Teikoku - 狂気沈殿.mp3
Mar 22 18:23 : update: added Yousei Teikoku/Yousei Teikoku - 孤高の創世.mp3
Mar 22 18:23 : update: added Yousei Teikoku/Yousei Teikoku - Astral Dogma.mp3
Mar 22 18:23 : update: added Yousei Teikoku/Yousei Teikoku - Autoscopy.mp3
Mar 22 18:23 : update: added Yousei Teikoku/Yousei Teikoku - 空想メソロギヰ.mp3
Mar 22 18:27 : player: played "_Frostbite Orkings/Frostbite Orckings - Guardians of Time.mp3"
Mar 22 18:35 : player: played "Bill McClintlock/The Bee Gees and Gwen Stefani - “Stayin' A Hollaback Girl”.mp3"
Mar 22 18:35 : config: option 'auto_format' on line 17 was not recognized
Mar 22 18:35 : config: option 'auto_resample' on line 18 was not recognized
Mar 22 18:36 : player: played "Bill McClintlock/The Bee Gees and Gwen Stefani - “Stayin' A Hollaback Girl”.mp3"
Mar 22 18:38 : player: played "Bill McClintlock/Slipknot and The B-52s - 'Slipshack'.mp3"
Mar 22 18:39 : player: played "Bill McClintlock/Los Disturbados - 'Stuparena'.mp3"
Mar 22 18:45 : player: played "AcDc/ACDC - Back In Black.mp3"
Mar 22 18:50 : player: played "AcDc/ACDC - Back In Black.mp3"
Mar 22 18:51 : player: played "_Frostbite Orkings/Frostbite Orckings - Guardians of Time.mp3"
Mar 22 18:55 : player: played "Bill McClintlock/Slipknot and The B-52s - 'Slipshack'.mp3"
Mar 22 18:59 : player: played "Bill McClintlock/Los Disturbados - 'Stuparena'.mp3"
Mar 22 19:08 : player: played "Baby Metal/BABYMETAL - BABYMETAL DEATH.mp3"
Mar 22 19:12 : player: played "Baby Metal/BABYMETAL - Headbangeeeeerrrrr!!!!!.mp3"
